npm WARN config global `--global`, `--local` are deprecated. Use `--location=global` instead.
npm verb cli C:\Program Files\nodejs\node.exe C:\Program Files\nodejs\node_modules\npm\bin\npm-cli.js
npm info using npm@8.11.0
npm info using node@v16.15.1
npm timing npm:load:whichnode Completed in 1ms
npm timing config:load:defaults Completed in 5ms
npm timing config:load:file:C:\Program Files\nodejs\node_modules\npm\npmrc Completed in 7ms
npm timing config:load:builtin Completed in 8ms
npm timing config:load:cli Completed in 6ms
npm timing config:load:env Completed in 3ms
npm timing config:load:file:C:\Users\camila.santos\Desktop\Valtech\tmpBstackPackages\.npmrc Completed in 1ms
npm timing config:load:project Completed in 16ms
npm timing config:load:file:C:\Users\camila.santos\.npmrc Completed in 1ms
npm timing config:load:user Completed in 1ms
npm timing config:load:file:C:\Users\camila.santos\AppData\Roaming\npm\etc\npmrc Completed in 0ms
npm timing config:load:global Completed in 1ms
npm timing config:load:validate Completed in 2ms
npm timing config:load:credentials Completed in 2ms
npm timing config:load:setEnvs Completed in 3ms
npm timing config:load Completed in 48ms
npm timing npm:load:configload Completed in 48ms
npm timing npm:load:mkdirpcache Completed in 3ms
npm timing npm:load:mkdirplogs Completed in 1ms
npm verb title npm install
npm verb argv "install" "--loglevel" "verbose"
npm timing npm:load:setTitle Completed in 4ms
npm timing config:load:flatten Completed in 9ms
npm timing npm:load:display Completed in 25ms
npm verb logfile logs-max:10 dir:C:\Users\camila.santos\AppData\Local\npm-cache\_logs
npm verb logfile C:\Users\camila.santos\AppData\Local\npm-cache\_logs\2022-06-24T00_45_43_116Z-debug-0.log
npm timing npm:load:logFile Completed in 25ms
npm timing npm:load:timers Completed in 1ms
npm timing npm:load:configScope Completed in 0ms
npm timing npm:load Completed in 113ms
npm timing arborist:ctor Completed in 2ms
npm timing arborist:ctor Completed in 0ms
npm timing idealTree:init Completed in 40ms
npm timing idealTree:userRequests Completed in 1ms
npm http fetch GET 200 https://registry.npmjs.org/faker 69ms (cache hit)
npm http fetch GET 200 https://registry.npmjs.org/browserstack-cypress-cli 24ms (cache hit)
npm http fetch GET 200 https://registry.npmjs.org/browserstack-local 173ms (cache hit)
npm http fetch GET 200 https://registry.npmjs.org/async 180ms (cache hit)
npm http fetch GET 200 https://registry.npmjs.org/chalk 183ms (cache hit)
npm http fetch GET 200 https://registry.npmjs.org/archiver 191ms (cache hit)
npm http fetch GET 200 https://registry.npmjs.org/cli-progress 190ms (cache hit)
npm http fetch GET 200 https://registry.npmjs.org/fs-extra 192ms (cache hit)
npm http fetch GET 200 https://registry.npmjs.org/glob 194ms (cache hit)
npm http fetch GET 200 https://registry.npmjs.org/mkdirp 198ms (cache hit)
npm http fetch GET 200 https://registry.npmjs.org/update-notifier 194ms (cache hit)
npm http fetch GET 200 https://registry.npmjs.org/getmac 208ms (cache hit)
npm http fetch GET 200 https://registry.npmjs.org/requestretry 208ms (cache hit)
npm http fetch GET 200 https://registry.npmjs.org/request 212ms (cache hit)
npm http fetch GET 200 https://registry.npmjs.org/table 216ms (cache hit)
npm http fetch GET 200 https://registry.npmjs.org/uuid 217ms (cache hit)
npm http fetch GET 200 https://registry.npmjs.org/unzipper 224ms (cache hit)
npm http fetch GET 200 https://registry.npmjs.org/winston 224ms (cache hit)
npm http fetch GET 200 https://registry.npmjs.org/yargs 227ms (cache hit)
npm timing idealTree:#root Completed in 414ms
npm http fetch GET 200 https://registry.npmjs.org/buffer-crc32 989ms (cache hit)
npm http fetch GET 200 https://registry.npmjs.org/archiver-utils 993ms (cache hit)
npm http fetch GET 200 https://registry.npmjs.org/tar-stream 988ms (cache hit)
npm http fetch GET 200 https://registry.npmjs.org/is-running 984ms (cache hit)
npm http fetch GET 200 https://registry.npmjs.org/readable-stream 997ms (cache hit)
npm http fetch GET 200 https://registry.npmjs.org/ps-tree 990ms (cache hit)
npm http fetch GET 200 https://registry.npmjs.org/zip-stream 1000ms (cache hit)
npm http fetch GET 200 https://registry.npmjs.org/https-proxy-agent 1000ms (cache hit)
npm http fetch GET 200 https://registry.npmjs.org/readdir-glob 1010ms (cache hit)
npm http fetch GET 200 https://registry.npmjs.org/agent-base 995ms (cache hit)
npm http fetch GET 200 https://registry.npmjs.org/temp-fs 999ms (cache hit)
npm http fetch GET 200 https://registry.npmjs.org/ansi-styles 992ms (cache hit)
npm http fetch GET 200 https://registry.npmjs.org/string-width 990ms (cache hit)
npm http fetch GET 200 https://registry.npmjs.org/supports-color 996ms (cache hit)
npm http fetch GET 200 https://registry.npmjs.org/jsonfile 992ms (cache hit)
npm http fetch GET 200 https://registry.npmjs.org/minimatch 983ms (cache hit)
npm http fetch GET 200 https://registry.npmjs.org/inherits 991ms (cache hit)
npm http fetch GET 200 https://registry.npmjs.org/graceful-fs 1005ms (cache hit)
npm http fetch GET 200 https://registry.npmjs.org/universalify 1004ms (cache hit)
npm http fetch GET 200 https://registry.npmjs.org/fs.realpath 1001ms (cache hit)
npm http fetch GET 200 https://registry.npmjs.org/caseless 984ms (cache hit)
npm http fetch GET 200 https://registry.npmjs.org/inflight 1002ms (cache hit)
npm http fetch GET 200 https://registry.npmjs.org/path-is-absolute 995ms (cache hit)
npm http fetch GET 200 https://registry.npmjs.org/once 999ms (cache hit)
npm http fetch GET 200 https://registry.npmjs.org/aws4 992ms (cache hit)
npm http fetch GET 200 https://registry.npmjs.org/aws-sign2 995ms (cache hit)
npm http fetch GET 200 https://registry.npmjs.org/@types%2fnode 1020ms (cache hit)
npm http fetch GET 200 https://registry.npmjs.org/form-data 1052ms (cache hit)
npm http fetch GET 200 https://registry.npmjs.org/extend 1060ms (cache hit)
npm http fetch GET 200 https://registry.npmjs.org/forever-agent 1061ms (cache hit)
npm http fetch GET 200 https://registry.npmjs.org/http-signature 1056ms (cache hit)
npm http fetch GET 200 https://registry.npmjs.org/combined-stream 1070ms (cache hit)
npm http fetch GET 200 https://registry.npmjs.org/isstream 1049ms (cache hit)
npm http fetch GET 200 https://registry.npmjs.org/har-validator 1065ms (cache hit)
npm http fetch GET 200 https://registry.npmjs.org/is-typedarray 1056ms (cache hit)
npm http fetch GET 200 https://registry.npmjs.org/oauth-sign 1049ms (cache hit)
npm http fetch GET 200 https://registry.npmjs.org/json-stringify-safe 1054ms (cache hit)
npm http fetch GET 200 https://registry.npmjs.org/performance-now 1050ms (cache hit)
npm http fetch GET 200 https://registry.npmjs.org/safe-buffer 1047ms (cache hit)
npm http fetch GET 200 https://registry.npmjs.org/qs 1051ms (cache hit)
npm http fetch GET 200 https://registry.npmjs.org/mime-types 1067ms (cache hit)
npm http fetch GET 200 https://registry.npmjs.org/tough-cookie 1060ms (cache hit)
npm http fetch GET 200 https://registry.npmjs.org/tunnel-agent 1060ms (cache hit)
npm http fetch GET 200 https://registry.npmjs.org/when 1054ms (cache hit)
npm http fetch GET 200 https://registry.npmjs.org/slice-ansi 1050ms (cache hit)
npm http fetch GET 200 https://registry.npmjs.org/lodash 1061ms (cache hit)
npm http fetch GET 200 https://registry.npmjs.org/extend 1066ms (cache hit)
npm http fetch GET 200 https://registry.npmjs.org/string-width 1054ms (cache hit)
npm http fetch GET 200 https://registry.npmjs.org/buffer-indexof-polyfill 1048ms (cache hit)
npm http fetch GET 200 https://registry.npmjs.org/ajv 1067ms (cache hit)
npm http fetch GET 200 https://registry.npmjs.org/duplexer2 1077ms (cache hit)
npm http fetch GET 200 https://registry.npmjs.org/bluebird 1085ms (cache hit)
npm http fetch GET 200 https://registry.npmjs.org/big-integer 1107ms (cache hit)
npm http fetch GET 200 https://registry.npmjs.org/readable-stream 1092ms (cache hit)
npm http fetch GET 200 https://registry.npmjs.org/binary 1114ms (cache hit)
npm http fetch GET 200 https://registry.npmjs.org/has-yarn 1090ms (cache hit)
npm http fetch GET 200 https://registry.npmjs.org/listenercount 1102ms (cache hit)
npm http fetch GET 200 https://registry.npmjs.org/boxen 1097ms (cache hit)
npm http fetch GET 200 https://registry.npmjs.org/fstream 1113ms (cache hit)
npm http fetch GET 200 https://registry.npmjs.org/import-lazy 1097ms (cache hit)
npm http fetch GET 200 https://registry.npmjs.org/graceful-fs 1115ms (cache hit)
npm http fetch GET 200 https://registry.npmjs.org/configstore 1105ms (cache hit)
npm http fetch GET 200 https://registry.npmjs.org/setimmediate 1113ms (cache hit)
npm http fetch GET 200 https://registry.npmjs.org/is-yarn-global 1096ms (cache hit)
npm http fetch GET 200 https://registry.npmjs.org/is-ci 1106ms (cache hit)
npm http fetch GET 200 https://registry.npmjs.org/semver-diff 1092ms (cache hit)
npm http fetch GET 200 https://registry.npmjs.org/eyes 1083ms (cache hit)
npm http fetch GET 200 https://registry.npmjs.org/pupa 1099ms (cache hit)
npm http fetch GET 200 https://registry.npmjs.org/is-npm 1108ms (cache hit)
npm http fetch GET 200 https://registry.npmjs.org/is-installed-globally 1112ms (cache hit)
npm http fetch GET 200 https://registry.npmjs.org/latest-version 1107ms (cache hit)
npm http fetch GET 200 https://registry.npmjs.org/semver 1106ms (cache hit)
npm http fetch GET 200 https://registry.npmjs.org/cycle 1102ms (cache hit)
npm http fetch GET 200 https://registry.npmjs.org/isstream 1100ms (cache hit)
npm http fetch GET 200 https://registry.npmjs.org/cliui 1089ms (cache hit)
npm http fetch GET 200 https://registry.npmjs.org/decamelize 1093ms (cache hit)
npm http fetch GET 200 https://registry.npmjs.org/find-up 1098ms (cache hit)
npm http fetch GET 200 https://registry.npmjs.org/xdg-basedir 1126ms (cache hit)
npm http fetch GET 200 https://registry.npmjs.org/stack-trace 1109ms (cache hit)
npm http fetch GET 200 https://registry.npmjs.org/colors 1130ms (cache hit)
npm http fetch GET 200 https://registry.npmjs.org/require-directory 1106ms (cache hit)
npm http fetch GET 200 https://registry.npmjs.org/y18n 1101ms (cache hit)
npm http fetch GET 200 https://registry.npmjs.org/get-caller-file 1114ms (cache hit)
npm http fetch GET 200 https://registry.npmjs.org/require-main-filename 1114ms (cache hit)
npm http fetch GET 200 https://registry.npmjs.org/which-module 1112ms (cache hit)
npm http fetch GET 200 https://registry.npmjs.org/set-blocking 1116ms (cache hit)
npm http fetch GET 200 https://registry.npmjs.org/yargs-parser 1111ms (cache hit)
npm http fetch GET 200 https://registry.npmjs.org/lodash 1218ms (cache hit)
npm timing idealTree:node_modules/browserstack-cypress-cli Completed in 1450ms
npm http fetch GET 200 https://registry.npmjs.org/lodash.defaults 149ms (cache hit)
npm http fetch GET 200 https://registry.npmjs.org/normalize-path 142ms (cache hit)
npm http fetch GET 200 https://registry.npmjs.org/lodash.difference 152ms (cache hit)
npm http fetch GET 200 https://registry.npmjs.org/lazystream 158ms (cache hit)
npm http fetch GET 200 https://registry.npmjs.org/lodash.flatten 156ms (cache hit)
npm http fetch GET 200 https://registry.npmjs.org/lodash.isplainobject 156ms (cache hit)
npm http fetch GET 200 https://registry.npmjs.org/string_decoder 142ms (cache hit)
npm http fetch GET 200 https://registry.npmjs.org/lodash.union 157ms (cache hit)
npm http fetch GET 200 https://registry.npmjs.org/util-deprecate 143ms (cache hit)
npm http fetch GET 200 https://registry.npmjs.org/end-of-stream 139ms (cache hit)
npm http fetch GET 200 https://registry.npmjs.org/bl 143ms (cache hit)
npm http fetch GET 200 https://registry.npmjs.org/fs-constants 142ms (cache hit)
npm http fetch GET 200 https://registry.npmjs.org/compress-commons 141ms (cache hit)
npm timing idealTree:node_modules/archiver Completed in 198ms
npm http fetch GET 200 https://registry.npmjs.org/process-nextick-args 45ms (cache hit)
npm http fetch GET 200 https://registry.npmjs.org/isarray 48ms (cache hit)
npm http fetch GET 200 https://registry.npmjs.org/core-util-is 56ms (cache hit)
npm timing idealTree:node_modules/archiver-utils Completed in 91ms
npm timing idealTree:node_modules/async Completed in 0ms
npm http fetch GET 200 https://registry.npmjs.org/event-stream 30ms (cache hit)
npm http fetch GET 200 https://registry.npmjs.org/debug 37ms (cache hit)
npm http fetch GET 200 https://registry.npmjs.org/rimraf 36ms (cache hit)
npm timing idealTree:node_modules/browserstack-local Completed in 65ms
npm http fetch GET 200 https://registry.npmjs.org/ms 19ms (cache hit)
npm timing idealTree:node_modules/agent-base Completed in 26ms
npm timing idealTree:node_modules/buffer-crc32 Completed in 0ms
npm http fetch GET 200 https://registry.npmjs.org/color-convert 24ms (cache hit)
npm http fetch GET 200 https://registry.npmjs.org/has-flag 24ms (cache hit)
npm timing idealTree:node_modules/chalk Completed in 33ms
npm http fetch GET 200 https://registry.npmjs.org/color-name 25ms (cache hit)
npm timing idealTree:node_modules/ansi-styles Completed in 35ms
npm http fetch GET 200 https://registry.npmjs.org/emoji-regex 40ms (cache hit)
npm http fetch GET 200 https://registry.npmjs.org/is-fullwidth-code-point 42ms (cache hit)
npm http fetch GET 200 https://registry.npmjs.org/strip-ansi 41ms (cache hit)
npm timing idealTree:node_modules/cli-progress Completed in 62ms
npm timing idealTree:node_modules/color-convert Completed in 3ms
npm timing idealTree:node_modules/color-name Completed in 0ms
npm timing idealTree:node_modules/debug Completed in 3ms
npm timing idealTree:node_modules/faker Completed in 0ms
npm timing idealTree:node_modules/fs-extra Completed in 9ms
npm timing idealTree:node_modules/getmac Completed in 3ms
npm timing idealTree:node_modules/@types/node Completed in 0ms
npm http fetch GET 200 https://registry.npmjs.org/wrappy 29ms (cache hit)
npm http fetch GET 200 https://registry.npmjs.org/brace-expansion 27ms (cache hit)
npm timing idealTree:node_modules/glob Completed in 60ms
npm timing idealTree:node_modules/fs.realpath Completed in 0ms
npm timing idealTree:node_modules/graceful-fs Completed in 0ms
npm timing idealTree:node_modules/https-proxy-agent Completed in 0ms
npm timing idealTree:node_modules/inflight Completed in 3ms
npm timing idealTree:node_modules/inherits Completed in 0ms
npm timing idealTree:node_modules/is-running Completed in 0ms
npm timing idealTree:node_modules/jsonfile Completed in 0ms
npm timing idealTree:node_modules/lazystream Completed in 4ms
npm timing idealTree:node_modules/lodash.defaults Completed in 0ms
npm timing idealTree:node_modules/lodash.difference Completed in 0ms
npm timing idealTree:node_modules/lodash.flatten Completed in 0ms
npm timing idealTree:node_modules/lodash.isplainobject Completed in 0ms
npm timing idealTree:node_modules/lodash.union Completed in 0ms
npm http fetch GET 200 https://registry.npmjs.org/balanced-match 24ms (cache hit)
npm http fetch GET 200 https://registry.npmjs.org/concat-map 24ms (cache hit)
npm timing idealTree:node_modules/minimatch Completed in 32ms
npm timing idealTree:node_modules/brace-expansion Completed in 6ms
npm timing idealTree:node_modules/balanced-match Completed in 0ms
npm timing idealTree:node_modules/concat-map Completed in 0ms
npm timing idealTree:node_modules/mkdirp Completed in 0ms
npm timing idealTree:node_modules/ms Completed in 0ms
npm timing idealTree:node_modules/normalize-path Completed in 0ms
npm timing idealTree:node_modules/once Completed in 0ms
npm timing idealTree:node_modules/path-is-absolute Completed in 0ms
npm http fetch GET 200 https://registry.npmjs.org/from 62ms (cache hit)
npm http fetch GET 200 https://registry.npmjs.org/duplexer 68ms (cache hit)
npm http fetch GET 200 https://registry.npmjs.org/map-stream 68ms (cache hit)
npm http fetch GET 200 https://registry.npmjs.org/through 76ms (cache hit)
npm http fetch GET 200 https://registry.npmjs.org/split 68ms (cache hit)
npm http fetch GET 200 https://registry.npmjs.org/pause-stream 72ms (cache hit)
npm http fetch GET 200 https://registry.npmjs.org/stream-combiner 70ms (cache hit)
npm timing idealTree:node_modules/ps-tree Completed in 88ms
npm timing idealTree:node_modules/event-stream Completed in 29ms
npm timing idealTree:node_modules/duplexer Completed in 0ms
npm timing idealTree:node_modules/from Completed in 1ms
npm timing idealTree:node_modules/map-stream Completed in 0ms
npm timing idealTree:node_modules/pause-stream Completed in 0ms
npm timing idealTree:node_modules/readable-stream Completed in 11ms
npm timing idealTree:node_modules/readdir-glob Completed in 0ms
npm http fetch GET 200 https://registry.npmjs.org/sshpk 96ms (cache hit)
npm http fetch GET 200 https://registry.npmjs.org/delayed-stream 110ms (cache hit)
npm http fetch GET 200 https://registry.npmjs.org/asynckit 111ms (cache hit)
npm http fetch GET 200 https://registry.npmjs.org/assert-plus 110ms (cache hit)
npm http fetch GET 200 https://registry.npmjs.org/har-schema 115ms (cache hit)
npm http fetch GET 200 https://registry.npmjs.org/punycode 105ms (cache hit)
npm http fetch GET 200 https://registry.npmjs.org/jsprim 115ms (cache hit)
npm http fetch GET 200 https://registry.npmjs.org/psl 112ms (cache hit)
npm http fetch GET 200 https://registry.npmjs.org/mime-db 118ms (cache hit)
npm timing idealTree:node_modules/request Completed in 189ms
npm timing idealTree:node_modules/aws-sign2 Completed in 0ms
npm timing idealTree:node_modules/aws4 Completed in 0ms
npm timing idealTree:node_modules/caseless Completed in 0ms
npm timing idealTree:node_modules/combined-stream Completed in 2ms
npm timing idealTree:node_modules/delayed-stream Completed in 0ms
npm timing idealTree:node_modules/extend Completed in 1ms
npm timing idealTree:node_modules/forever-agent Completed in 0ms
npm timing idealTree:node_modules/form-data Completed in 3ms
npm timing idealTree:node_modules/asynckit Completed in 0ms
npm http fetch GET 200 https://registry.npmjs.org/fast-json-stable-stringify 44ms (cache hit)
npm http fetch GET 200 https://registry.npmjs.org/json-schema-traverse 43ms (cache hit)
npm http fetch GET 200 https://registry.npmjs.org/fast-deep-equal 49ms (cache hit)
npm http fetch GET 200 https://registry.npmjs.org/uri-js 54ms (cache hit)
npm timing idealTree:node_modules/har-validator Completed in 68ms
npm timing idealTree:node_modules/ajv Completed in 10ms
npm timing idealTree:node_modules/fast-deep-equal Completed in 0ms
npm timing idealTree:node_modules/fast-json-stable-stringify Completed in 0ms
npm timing idealTree:node_modules/har-schema Completed in 0ms
npm http fetch GET 200 https://registry.npmjs.org/extsprintf 118ms (cache hit)
npm http fetch GET 200 https://registry.npmjs.org/json-schema 119ms (cache hit)
npm http fetch GET 200 https://registry.npmjs.org/asn1 115ms (cache hit)
npm http fetch GET 200 https://registry.npmjs.org/dashdash 115ms (cache hit)
npm http fetch GET 200 https://registry.npmjs.org/verror 123ms (cache hit)
npm http fetch GET 200 https://registry.npmjs.org/getpass 119ms (cache hit)
npm http fetch GET 200 https://registry.npmjs.org/safer-buffer 118ms (cache hit)
npm http fetch GET 200 https://registry.npmjs.org/jsbn 117ms (cache hit)
npm http fetch GET 200 https://registry.npmjs.org/bcrypt-pbkdf 116ms (cache hit)
npm http fetch GET 200 https://registry.npmjs.org/tweetnacl 122ms (cache hit)
npm http fetch GET 200 https://registry.npmjs.org/ecc-jsbn 122ms (cache hit)
npm timing idealTree:node_modules/http-signature Completed in 164ms
npm timing idealTree:node_modules/assert-plus Completed in 0ms
npm timing idealTree:node_modules/is-typedarray Completed in 0ms
npm timing idealTree:node_modules/isstream Completed in 0ms
npm timing idealTree:node_modules/json-schema-traverse Completed in 0ms
npm timing idealTree:node_modules/json-stringify-safe Completed in 0ms
npm timing idealTree:node_modules/jsprim Completed in 12ms
npm timing idealTree:node_modules/extsprintf Completed in 0ms
npm timing idealTree:node_modules/json-schema Completed in 0ms
npm timing idealTree:node_modules/mime-types Completed in 3ms
npm timing idealTree:node_modules/mime-db Completed in 0ms
npm timing idealTree:node_modules/oauth-sign Completed in 0ms
npm timing idealTree:node_modules/performance-now Completed in 0ms
npm timing idealTree:node_modules/qs Completed in 0ms
npm timing idealTree:node_modules/requestretry Completed in 8ms
npm timing idealTree:node_modules/lodash Completed in 0ms
npm timing idealTree:node_modules/safe-buffer Completed in 0ms
npm timing idealTree:node_modules/split Completed in 0ms
npm timing idealTree:node_modules/sshpk Completed in 23ms
npm timing idealTree:node_modules/asn1 Completed in 0ms
npm timing idealTree:node_modules/bcrypt-pbkdf Completed in 0ms
npm timing idealTree:node_modules/dashdash Completed in 0ms
npm timing idealTree:node_modules/ecc-jsbn Completed in 0ms
npm timing idealTree:node_modules/getpass Completed in 0ms
npm timing idealTree:node_modules/jsbn Completed in 0ms
npm timing idealTree:node_modules/safer-buffer Completed in 0ms
npm timing idealTree:node_modules/stream-combiner Completed in 0ms
npm timing idealTree:node_modules/string_decoder Completed in 0ms
npm http fetch GET 200 https://registry.npmjs.org/ansi-regex 19ms (cache hit)
npm timing idealTree:node_modules/string-width Completed in 35ms
npm timing idealTree:node_modules/emoji-regex Completed in 0ms
npm timing idealTree:node_modules/is-fullwidth-code-point Completed in 0ms
npm timing idealTree:node_modules/strip-ansi Completed in 3ms
npm timing idealTree:node_modules/ansi-regex Completed in 0ms
npm timing idealTree:node_modules/supports-color Completed in 3ms
npm timing idealTree:node_modules/has-flag Completed in 0ms
npm http fetch GET 200 https://registry.npmjs.org/astral-regex 24ms (cache hit)
npm timing idealTree:node_modules/table Completed in 41ms
npm timing idealTree:node_modules/slice-ansi Completed in 9ms
npm timing idealTree:node_modules/astral-regex Completed in 0ms
npm http fetch GET 200 https://registry.npmjs.org/buffer 20ms (cache hit)
npm timing idealTree:node_modules/tar-stream Completed in 34ms
npm http fetch GET 200 https://registry.npmjs.org/base64-js 33ms (cache hit)
npm http fetch GET 200 https://registry.npmjs.org/ieee754 33ms (cache hit)
npm timing idealTree:node_modules/bl Completed in 40ms
npm timing idealTree:node_modules/buffer Completed in 4ms
npm timing idealTree:node_modules/base64-js Completed in 0ms
npm timing idealTree:node_modules/end-of-stream Completed in 0ms
npm timing idealTree:node_modules/fs-constants Completed in 1ms
npm timing idealTree:node_modules/ieee754 Completed in 0ms
npm timing idealTree:node_modules/temp-fs Completed in 3ms
npm timing idealTree:node_modules/rimraf Completed in 0ms
npm timing idealTree:node_modules/through Completed in 0ms
npm timing idealTree:node_modules/tough-cookie Completed in 5ms
npm timing idealTree:node_modules/psl Completed in 0ms
npm timing idealTree:node_modules/punycode Completed in 1ms
npm timing idealTree:node_modules/tunnel-agent Completed in 0ms
npm timing idealTree:node_modules/tweetnacl Completed in 0ms
npm timing idealTree:node_modules/universalify Completed in 0ms
npm http fetch GET 200 https://registry.npmjs.org/chainsaw 28ms (cache hit)
npm http fetch GET 200 https://registry.npmjs.org/buffers 28ms (cache hit)
npm timing idealTree:node_modules/unzipper Completed in 57ms
npm timing idealTree:node_modules/big-integer Completed in 0ms
npm http fetch GET 200 https://registry.npmjs.org/traverse 17ms (cache hit)
npm timing idealTree:node_modules/binary Completed in 26ms
npm timing idealTree:node_modules/bluebird Completed in 0ms
npm timing idealTree:node_modules/buffer-indexof-polyfill Completed in 0ms
npm timing idealTree:node_modules/buffers Completed in 0ms
npm timing idealTree:node_modules/chainsaw Completed in 2ms
npm timing idealTree:node_modules/duplexer2 Completed in 3ms
npm http fetch GET 200 https://registry.npmjs.org/minimist 25ms (cache hit)
npm timing idealTree:node_modules/fstream Completed in 30ms
npm timing idealTree:node_modules/listenercount Completed in 0ms
npm timing idealTree:node_modules/setimmediate Completed in 0ms
npm timing idealTree:node_modules/traverse Completed in 0ms
npm http fetch GET 200 https://registry.npmjs.org/wrap-ansi 155ms (cache hit)
npm http fetch GET 200 https://registry.npmjs.org/ansi-align 168ms (cache hit)
npm http fetch GET 200 https://registry.npmjs.org/type-fest 165ms (cache hit)
npm http fetch GET 200 https://registry.npmjs.org/camelcase 175ms (cache hit)
npm http fetch GET 200 https://registry.npmjs.org/dot-prop 166ms (cache hit)
npm http fetch GET 200 https://registry.npmjs.org/cli-boxes 178ms (cache hit)
npm http fetch GET 200 https://registry.npmjs.org/write-file-atomic 166ms (cache hit)
npm http fetch GET 200 https://registry.npmjs.org/unique-string 170ms (cache hit)
npm http fetch GET 200 https://registry.npmjs.org/make-dir 173ms (cache hit)
npm http fetch GET 200 https://registry.npmjs.org/widest-line 181ms (cache hit)
npm http fetch GET 200 https://registry.npmjs.org/global-dirs 169ms (cache hit)
npm http fetch GET 200 https://registry.npmjs.org/is-path-inside 168ms (cache hit)
npm http fetch GET 200 https://registry.npmjs.org/ci-info 174ms (cache hit)
npm http fetch GET 200 https://registry.npmjs.org/package-json 169ms (cache hit)
npm http fetch GET 200 https://registry.npmjs.org/lru-cache 170ms (cache hit)
npm http fetch GET 200 https://registry.npmjs.org/escape-goat 177ms (cache hit)
npm timing idealTree:node_modules/update-notifier Completed in 245ms
npm timing idealTree:node_modules/boxen Completed in 22ms
npm timing idealTree:node_modules/ansi-align Completed in 0ms
npm timing idealTree:node_modules/camelcase Completed in 1ms
npm timing idealTree:node_modules/cli-boxes Completed in 0ms
npm http fetch GET 200 https://registry.npmjs.org/crypto-random-string 40ms (cache hit)
npm http fetch GET 200 https://registry.npmjs.org/imurmurhash 39ms (cache hit)
npm http fetch GET 200 https://registry.npmjs.org/signal-exit 48ms (cache hit)
npm http fetch GET 200 https://registry.npmjs.org/is-obj 56ms (cache hit)
npm http fetch GET 200 https://registry.npmjs.org/typedarray-to-buffer 48ms (cache hit)
npm timing idealTree:node_modules/configstore Completed in 70ms
npm timing idealTree:node_modules/dot-prop Completed in 20ms
npm timing idealTree:node_modules/has-yarn Completed in 0ms
npm timing idealTree:node_modules/import-lazy Completed in 0ms
npm timing idealTree:node_modules/is-ci Completed in 5ms
npm timing idealTree:node_modules/ci-info Completed in 0ms
npm http fetch GET 200 https://registry.npmjs.org/ini 19ms (cache hit)
npm timing idealTree:node_modules/is-installed-globally Completed in 30ms
npm timing idealTree:node_modules/global-dirs Completed in 21ms
npm timing idealTree:node_modules/ini Completed in 0ms
npm timing idealTree:node_modules/is-npm Completed in 0ms
npm timing idealTree:node_modules/is-obj Completed in 0ms
npm timing idealTree:node_modules/is-path-inside Completed in 0ms
npm timing idealTree:node_modules/is-yarn-global Completed in 0ms
npm http fetch GET 200 https://registry.npmjs.org/registry-auth-token 47ms (cache hit)
npm http fetch GET 200 https://registry.npmjs.org/got 53ms (cache hit)
npm http fetch GET 200 https://registry.npmjs.org/registry-url 62ms (cache hit)
npm timing idealTree:node_modules/latest-version Completed in 74ms
npm timing idealTree:node_modules/make-dir Completed in 3ms
npm http fetch GET 200 https://registry.npmjs.org/decompress-response 130ms (cache hit)
npm http fetch GET 200 https://registry.npmjs.org/@sindresorhus%2fis 144ms (cache hit)
npm http fetch GET 200 https://registry.npmjs.org/@szmarczak%2fhttp-timer 144ms (cache hit)
npm http fetch GET 200 https://registry.npmjs.org/duplexer3 140ms (cache hit)
npm http fetch GET 200 https://registry.npmjs.org/cacheable-request 149ms (cache hit)
npm http fetch GET 200 https://registry.npmjs.org/get-stream 147ms (cache hit)
npm http fetch GET 200 https://registry.npmjs.org/lowercase-keys 149ms (cache hit)
npm http fetch GET 200 https://registry.npmjs.org/mimic-response 149ms (cache hit)
npm http fetch GET 200 https://registry.npmjs.org/to-readable-stream 149ms (cache hit)
npm http fetch GET 200 https://registry.npmjs.org/p-cancelable 155ms (cache hit)
npm http fetch GET 200 https://registry.npmjs.org/url-parse-lax 163ms (cache hit)
npm http fetch GET 200 https://registry.npmjs.org/rc 163ms (cache hit)
npm http fetch GET 200 https://registry.npmjs.org/rc 163ms (cache hit)
npm timing idealTree:node_modules/package-json Completed in 211ms
npm http fetch GET 200 https://registry.npmjs.org/http-cache-semantics 84ms (cache hit)
npm http fetch GET 200 https://registry.npmjs.org/defer-to-connect 91ms (cache hit)
npm http fetch GET 200 https://registry.npmjs.org/keyv 88ms (cache hit)
npm http fetch GET 200 https://registry.npmjs.org/normalize-url 90ms (cache hit)
npm http fetch GET 200 https://registry.npmjs.org/clone-response 99ms (cache hit)
npm http fetch GET 200 https://registry.npmjs.org/prepend-http 90ms (cache hit)
npm http fetch GET 200 https://registry.npmjs.org/pump 93ms (cache hit)
npm http fetch GET 200 https://registry.npmjs.org/responselike 97ms (cache hit)
npm timing idealTree:node_modules/got Completed in 131ms
npm timing idealTree:node_modules/@sindresorhus/is Completed in 0ms
npm timing idealTree:node_modules/@szmarczak/http-timer Completed in 4ms
npm http fetch GET 200 https://registry.npmjs.org/json-buffer 19ms (cache hit)
npm timing idealTree:node_modules/cacheable-request Completed in 36ms
npm timing idealTree:node_modules/clone-response Completed in 1ms
npm timing idealTree:node_modules/decompress-response Completed in 0ms
npm timing idealTree:node_modules/defer-to-connect Completed in 0ms
npm timing idealTree:node_modules/duplexer3 Completed in 0ms
npm timing idealTree:node_modules/get-stream Completed in 3ms
npm timing idealTree:node_modules/http-cache-semantics Completed in 0ms
npm timing idealTree:node_modules/keyv Completed in 2ms
npm timing idealTree:node_modules/json-buffer Completed in 0ms
npm timing idealTree:node_modules/lowercase-keys Completed in 0ms
npm timing idealTree:node_modules/mimic-response Completed in 0ms
npm timing idealTree:node_modules/normalize-url Completed in 0ms
npm timing idealTree:node_modules/p-cancelable Completed in 0ms
npm timing idealTree:node_modules/pump Completed in 0ms
npm timing idealTree:node_modules/pupa Completed in 2ms
npm timing idealTree:node_modules/escape-goat Completed in 0ms
npm http fetch GET 200 https://registry.npmjs.org/deep-extend 29ms (cache hit)
npm http fetch GET 200 https://registry.npmjs.org/strip-json-comments 29ms (cache hit)
npm timing idealTree:node_modules/registry-auth-token Completed in 37ms
npm timing idealTree:node_modules/rc Completed in 8ms
npm timing idealTree:node_modules/deep-extend Completed in 0ms
npm timing idealTree:node_modules/minimist Completed in 0ms
npm timing idealTree:node_modules/registry-url Completed in 0ms
npm timing idealTree:node_modules/responselike Completed in 0ms
npm http fetch GET 200 https://registry.npmjs.org/yallist 18ms (cache hit)
npm timing idealTree:node_modules/semver Completed in 22ms
npm timing idealTree:node_modules/lru-cache Completed in 3ms
npm timing idealTree:node_modules/semver-diff Completed in 2ms
npm timing idealTree:node_modules/strip-json-comments Completed in 0ms
npm timing idealTree:node_modules/to-readable-stream Completed in 0ms
npm timing idealTree:node_modules/type-fest Completed in 0ms
npm timing idealTree:node_modules/unique-string Completed in 2ms
npm timing idealTree:node_modules/crypto-random-string Completed in 0ms
npm timing idealTree:node_modules/uri-js Completed in 0ms
npm timing idealTree:node_modules/url-parse-lax Completed in 2ms
npm timing idealTree:node_modules/prepend-http Completed in 0ms
npm timing idealTree:node_modules/util-deprecate Completed in 0ms
npm timing idealTree:node_modules/uuid Completed in 0ms
npm timing idealTree:node_modules/verror Completed in 2ms
npm timing idealTree:node_modules/core-util-is Completed in 0ms
npm timing idealTree:node_modules/when Completed in 0ms
npm timing idealTree:node_modules/widest-line Completed in 0ms
npm timing idealTree:node_modules/winston Completed in 10ms
npm timing idealTree:node_modules/colors Completed in 0ms
npm timing idealTree:node_modules/cycle Completed in 0ms
npm timing idealTree:node_modules/eyes Completed in 0ms
npm timing idealTree:node_modules/stack-trace Completed in 0ms
npm timing idealTree:node_modules/wrap-ansi Completed in 0ms
npm timing idealTree:node_modules/wrappy Completed in 0ms
npm timing idealTree:node_modules/write-file-atomic Completed in 13ms
npm timing idealTree:node_modules/imurmurhash Completed in 0ms
npm timing idealTree:node_modules/signal-exit Completed in 0ms
npm timing idealTree:node_modules/typedarray-to-buffer Completed in 1ms
npm timing idealTree:node_modules/xdg-basedir Completed in 0ms
npm timing idealTree:node_modules/yallist Completed in 0ms
npm http fetch GET 200 https://registry.npmjs.org/locate-path 24ms (cache hit)
npm timing idealTree:node_modules/yargs Completed in 49ms
npm timing idealTree:node_modules/cliui Completed in 17ms
npm timing idealTree:node_modules/decamelize Completed in 0ms
npm http fetch GET 200 https://registry.npmjs.org/p-locate 33ms (cache hit)
npm http fetch GET 200 https://registry.npmjs.org/path-exists 34ms (cache hit)
npm timing idealTree:node_modules/find-up Completed in 40ms
npm timing idealTree:node_modules/get-caller-file Completed in 0ms
npm http fetch GET 200 https://registry.npmjs.org/p-limit 21ms (cache hit)
npm timing idealTree:node_modules/locate-path Completed in 28ms
npm http fetch GET 200 https://registry.npmjs.org/p-try 17ms (cache hit)
npm timing idealTree:node_modules/p-locate Completed in 23ms
npm timing idealTree:node_modules/p-limit Completed in 4ms
npm timing idealTree:node_modules/p-try Completed in 0ms
npm timing idealTree:node_modules/path-exists Completed in 0ms
npm timing idealTree:node_modules/require-directory Completed in 1ms
npm timing idealTree:node_modules/require-main-filename Completed in 0ms
npm timing idealTree:node_modules/set-blocking Completed in 0ms
npm timing idealTree:node_modules/which-module Completed in 0ms
npm timing idealTree:node_modules/y18n Completed in 0ms
npm timing idealTree:node_modules/yargs-parser Completed in 2ms
npm http fetch GET 200 https://registry.npmjs.org/crc32-stream 17ms (cache hit)
npm timing idealTree:node_modules/zip-stream Completed in 27ms
npm http fetch GET 200 https://registry.npmjs.org/crc-32 22ms (cache hit)
npm timing idealTree:node_modules/compress-commons Completed in 28ms
npm timing idealTree:node_modules/crc32-stream Completed in 2ms
npm timing idealTree:node_modules/crc-32 Completed in 0ms
npm timing idealTree:node_modules/archiver-utils/node_modules/readable-stream Completed in 10ms
npm timing idealTree:node_modules/isarray Completed in 0ms
npm timing idealTree:node_modules/process-nextick-args Completed in 0ms
npm timing idealTree:node_modules/archiver-utils/node_modules/safe-buffer Completed in 0ms
npm timing idealTree:node_modules/archiver-utils/node_modules/string_decoder Completed in 0ms
npm timing idealTree:node_modules/cacheable-request/node_modules/get-stream Completed in 0ms
npm timing idealTree:node_modules/cacheable-request/node_modules/lowercase-keys Completed in 0ms
npm timing idealTree:node_modules/cliui/node_modules/string-width Completed in 4ms
npm timing idealTree:node_modules/cliui/node_modules/emoji-regex Completed in 0ms
npm timing idealTree:node_modules/cliui/node_modules/is-fullwidth-code-point Completed in 0ms
npm timing idealTree:node_modules/cliui/node_modules/strip-ansi Completed in 2ms
npm timing idealTree:node_modules/cliui/node_modules/ansi-regex Completed in 0ms
npm timing idealTree:node_modules/cliui/node_modules/wrap-ansi Completed in 3ms
npm timing idealTree:node_modules/cliui/node_modules/ansi-styles Completed in 4ms
npm timing idealTree:node_modules/cliui/node_modules/color-convert Completed in 3ms
npm timing idealTree:node_modules/cliui/node_modules/color-name Completed in 0ms
npm timing idealTree:node_modules/duplexer2/node_modules/readable-stream Completed in 4ms
npm timing idealTree:node_modules/duplexer2/node_modules/safe-buffer Completed in 0ms
npm timing idealTree:node_modules/duplexer2/node_modules/string_decoder Completed in 0ms
npm timing idealTree:node_modules/fstream/node_modules/mkdirp Completed in 0ms
npm timing idealTree:node_modules/lazystream/node_modules/readable-stream Completed in 5ms
npm timing idealTree:node_modules/lazystream/node_modules/safe-buffer Completed in 0ms
npm timing idealTree:node_modules/lazystream/node_modules/string_decoder Completed in 0ms
npm timing idealTree:node_modules/make-dir/node_modules/semver Completed in 0ms
npm timing idealTree:node_modules/package-json/node_modules/semver Completed in 0ms
npm timing idealTree:node_modules/rc/node_modules/ini Completed in 0ms
npm timing idealTree:node_modules/request/node_modules/uuid Completed in 0ms
npm timing idealTree:node_modules/semver-diff/node_modules/semver Completed in 0ms
npm timing idealTree:node_modules/slice-ansi/node_modules/ansi-styles Completed in 2ms
npm timing idealTree:node_modules/slice-ansi/node_modules/color-convert Completed in 3ms
npm timing idealTree:node_modules/slice-ansi/node_modules/color-name Completed in 0ms
npm timing idealTree:node_modules/slice-ansi/node_modules/is-fullwidth-code-point Completed in 0ms
npm timing idealTree:node_modules/table/node_modules/string-width Completed in 6ms
npm timing idealTree:node_modules/table/node_modules/emoji-regex Completed in 0ms
npm timing idealTree:node_modules/table/node_modules/is-fullwidth-code-point Completed in 0ms
npm timing idealTree:node_modules/table/node_modules/strip-ansi Completed in 2ms
npm timing idealTree:node_modules/table/node_modules/ansi-regex Completed in 0ms
npm timing idealTree:node_modules/unzipper/node_modules/readable-stream Completed in 4ms
npm timing idealTree:node_modules/unzipper/node_modules/safe-buffer Completed in 0ms
npm timing idealTree:node_modules/unzipper/node_modules/string_decoder Completed in 0ms
npm timing idealTree:node_modules/winston/node_modules/async Completed in 0ms
npm timing idealTree:node_modules/yargs-parser/node_modules/camelcase Completed in 0ms
npm timing idealTree:node_modules/yargs/node_modules/string-width Completed in 5ms
npm timing idealTree:node_modules/yargs/node_modules/emoji-regex Completed in 0ms
npm timing idealTree:node_modules/yargs/node_modules/is-fullwidth-code-point Completed in 0ms
npm timing idealTree:node_modules/yargs/node_modules/strip-ansi Completed in 2ms
npm timing idealTree:node_modules/yargs/node_modules/ansi-regex Completed in 0ms
npm timing idealTree:buildDeps Completed in 4802ms
npm timing idealTree:fixDepFlags Completed in 6ms
npm timing idealTree Completed in 4858ms
npm timing reify:loadTrees Completed in 4861ms
npm timing reify:diffTrees Completed in 13ms
npm timing reify:retireShallow Completed in 4ms
npm timing reify:createSparse Completed in 397ms
npm timing reify:loadBundles Completed in 0ms
npm http fetch POST 200 https://registry.npmjs.org/-/npm/v1/security/advisories/bulk 2292ms
npm timing auditReport:getReport Completed in 2311ms
npm timing metavuln:packument:requestretry Completed in 3ms
npm timing metavuln:packument:got Completed in 2ms
npm timing metavuln:cache:get:security-advisory:requestretry:Eo051QSAZNYLN/ExzD/e+1BHqCyRLjvfK1zsFKI1GJvKqF9FERIyLCKvsY+OkdLG1N7/O+vkIUmVOeFFT0mWFw== Completed in 1061ms
npm timing metavuln:load:security-advisory:requestretry:1067395 Completed in 5ms
npm timing metavuln:calculate:security-advisory:requestretry:1067395 Completed in 1069ms
npm timing metavuln:cache:get:security-advisory:got:tYQ1W/QUmPXM20cYWRrGedLlgnmwV5mOX7j4TVyE9l2NJvN159q3yhB/VUhz6NNuV96GARzrLoc7aiQLvqQj4g== Completed in 1066ms
npm timing metavuln:load:security-advisory:got:1075647 Completed in 9ms
npm timing metavuln:calculate:security-advisory:got:1075647 Completed in 1076ms
npm timing metavuln:packument:browserstack-cypress-cli Completed in 0ms
npm timing reifyNode:node_modules/cycle Completed in 3409ms
npm timing reifyNode:node_modules/setimmediate Completed in 3417ms
npm timing reifyNode:node_modules/process-nextick-args Completed in 3663ms
npm timing reifyNode:node_modules/path-exists Completed in 3666ms
npm timing reifyNode:node_modules/locate-path Completed in 3666ms
npm timing reifyNode:node_modules/p-locate Completed in 3668ms
npm timing reifyNode:node_modules/decamelize Completed in 3670ms
npm timing reifyNode:node_modules/find-up Completed in 3674ms
npm timing reifyNode:node_modules/imurmurhash Completed in 3676ms
npm timing reifyNode:node_modules/prepend-http Completed in 3677ms
npm timing reifyNode:node_modules/strip-json-comments Completed in 3679ms
npm timing reifyNode:node_modules/url-parse-lax Completed in 3679ms
npm timing reifyNode:node_modules/to-readable-stream Completed in 3681ms
npm timing reifyNode:node_modules/lowercase-keys Completed in 3682ms
npm timing reifyNode:node_modules/mimic-response Completed in 3683ms
npm timing reifyNode:node_modules/duplexer3 Completed in 3683ms
npm timing reifyNode:node_modules/decompress-response Completed in 3686ms
npm timing reifyNode:node_modules/wrap-ansi Completed in 3693ms
npm timing reifyNode:node_modules/ini Completed in 3698ms
npm timing reifyNode:node_modules/configstore Completed in 3698ms
npm timing reifyNode:node_modules/import-lazy Completed in 3701ms
npm timing reifyNode:node_modules/duplexer2 Completed in 3702ms
npm timing reifyNode:node_modules/astral-regex Completed in 3713ms
npm timing reifyNode:node_modules/slice-ansi Completed in 3714ms
npm timing reifyNode:node_modules/oauth-sign Completed in 3732ms
npm timing reifyNode:node_modules/end-of-stream Completed in 3737ms
npm timing reifyNode:node_modules/wrappy Completed in 3735ms
npm timing reifyNode:node_modules/brace-expansion Completed in 3735ms
npm timing reifyNode:node_modules/inflight Completed in 3736ms
npm timing reifyNode:node_modules/color-name Completed in 3737ms
npm timing reifyNode:node_modules/path-is-absolute Completed in 3739ms
npm timing reifyNode:node_modules/ms Completed in 3738ms
npm timing reifyNode:node_modules/once Completed in 3740ms
npm timing reifyNode:node_modules/universalify Completed in 3741ms
npm timing reifyNode:node_modules/lodash.isplainobject Completed in 3741ms
npm timing reifyNode:node_modules/lodash.flatten Completed in 3744ms
npm timing reifyNode:node_modules/normalize-path Completed in 3747ms
npm timing reifyNode:node_modules/buffer-crc32 Completed in 3751ms
npm timing reifyNode:node_modules/cliui/node_modules/ansi-regex Completed in 3775ms
npm timing reifyNode:node_modules/cliui/node_modules/ansi-styles Completed in 3776ms
npm timing reifyNode:node_modules/cliui/node_modules/wrap-ansi Completed in 3776ms
npm timing reifyNode:node_modules/cliui/node_modules/is-fullwidth-code-point Completed in 3777ms
npm timing reifyNode:node_modules/cliui/node_modules/string-width Completed in 3777ms
npm timing reifyNode:node_modules/rc/node_modules/ini Completed in 3778ms
npm timing reifyNode:node_modules/slice-ansi/node_modules/is-fullwidth-code-point Completed in 3771ms
npm timing reifyNode:node_modules/slice-ansi/node_modules/ansi-styles Completed in 3771ms
npm timing reifyNode:node_modules/yargs/node_modules/ansi-regex Completed in 3766ms
npm timing reifyNode:node_modules/yargs/node_modules/is-fullwidth-code-point Completed in 3768ms
npm timing reifyNode:node_modules/table/node_modules/ansi-regex Completed in 3773ms
npm timing reifyNode:node_modules/responselike Completed in 3802ms
npm timing reifyNode:node_modules/table/node_modules/string-width Completed in 3783ms
npm timing reifyNode:node_modules/clone-response Completed in 3804ms
npm timing reifyNode:node_modules/yargs/node_modules/string-width Completed in 3786ms
npm timing reifyNode:node_modules/lru-cache Completed in 3808ms
npm timing reifyNode:node_modules/table/node_modules/is-fullwidth-code-point Completed in 3790ms
npm timing reifyNode:node_modules/@szmarczak/http-timer Completed in 3811ms
npm timing reifyNode:node_modules/tunnel-agent Completed in 3815ms
npm timing reifyNode:node_modules/forever-agent Completed in 3821ms
npm timing reifyNode:node_modules/aws-sign2 Completed in 3823ms
npm timing reifyNode:node_modules/temp-fs Completed in 3832ms
npm timing reifyNode:node_modules/lodash.defaults Completed in 3833ms
npm timing reifyNode:node_modules/readdir-glob Completed in 3835ms
npm timing reifyNode:node_modules/http-cache-semantics Completed in 3866ms
npm timing reifyNode:node_modules/keyv Completed in 3869ms
npm timing reifyNode:node_modules/cacheable-request Completed in 3870ms
npm timing reifyNode:node_modules/string_decoder Completed in 3884ms
npm timing reifyNode:node_modules/minimatch Completed in 3884ms
npm timing reifyNode:node_modules/lodash.union Completed in 3883ms
npm timing reifyNode:node_modules/lodash.difference Completed in 3885ms
npm timing reifyNode:node_modules/p-try Completed in 3956ms
npm timing reifyNode:node_modules/set-blocking Completed in 3956ms
npm timing reifyNode:node_modules/p-limit Completed in 3958ms
npm timing reifyNode:node_modules/require-main-filename Completed in 3957ms
npm timing reifyNode:node_modules/y18n Completed in 3962ms
npm timing reifyNode:node_modules/signal-exit Completed in 3970ms
npm timing reifyNode:node_modules/crypto-random-string Completed in 3977ms
npm timing reifyNode:node_modules/normalize-url Completed in 3980ms
npm timing reifyNode:node_modules/escape-goat Completed in 3982ms
npm timing reifyNode:node_modules/which-module Completed in 3987ms
npm timing reifyNode:node_modules/get-stream Completed in 3984ms
npm timing reifyNode:node_modules/is-obj Completed in 3983ms
npm timing reifyNode:node_modules/p-cancelable Completed in 3986ms
npm timing reifyNode:node_modules/registry-url Completed in 3986ms
npm timing reifyNode:node_modules/unique-string Completed in 3986ms
npm timing reifyNode:node_modules/widest-line Completed in 3988ms
npm timing reifyNode:node_modules/global-dirs Completed in 3989ms
npm timing reifyNode:node_modules/dot-prop Completed in 3990ms
npm timing reifyNode:node_modules/is-path-inside Completed in 3993ms
npm timing reifyNode:node_modules/make-dir Completed in 3994ms
npm timing reifyNode:node_modules/camelcase Completed in 3995ms
npm timing reifyNode:node_modules/xdg-basedir Completed in 3994ms
npm timing reifyNode:node_modules/is-yarn-global Completed in 3995ms
npm timing reifyNode:node_modules/semver-diff Completed in 3996ms
npm timing reifyNode:node_modules/is-installed-globally Completed in 3997ms
npm timing reifyNode:node_modules/is-npm Completed in 3999ms
npm timing reifyNode:node_modules/has-yarn Completed in 3999ms
npm timing reifyNode:node_modules/ansi-align Completed in 4001ms
npm timing reifyNode:node_modules/pupa Completed in 4003ms
npm timing reifyNode:node_modules/ieee754 Completed in 4005ms
npm timing reifyNode:node_modules/ansi-regex Completed in 4004ms
npm timing reifyNode:node_modules/has-flag Completed in 4007ms
npm timing reifyNode:node_modules/strip-ansi Completed in 4007ms
npm timing reifyNode:node_modules/fs-constants Completed in 4013ms
npm timing reifyNode:node_modules/assert-plus Completed in 4012ms
npm timing metavuln:cache:get:security-advisory:browserstack-cypress-cli:A6dwK3MFzVQH6WezFEH2yUSJLcMGEFT/1b1i1THi08GrkHxBOLgdyKwHBpwu8pUTmUm4fCm/mv+k9jn9tLW3Yw== Completed in 661ms
npm timing metavuln:load:security-advisory:browserstack-cypress-cli:Eo051QSAZNYLN/ExzD/e+1BHqCyRLjvfK1zsFKI1GJvKqF9FERIyLCKvsY+OkdLG1N7/O+vkIUmVOeFFT0mWFw== Completed in 1ms
npm timing metavuln:calculate:security-advisory:browserstack-cypress-cli:Eo051QSAZNYLN/ExzD/e+1BHqCyRLjvfK1zsFKI1GJvKqF9FERIyLCKvsY+OkdLG1N7/O+vkIUmVOeFFT0mWFw== Completed in 663ms
npm timing metavuln:packument:package-json Completed in 1ms
npm timing reifyNode:node_modules/is-fullwidth-code-point Completed in 4026ms
npm timing reifyNode:node_modules/latest-version Completed in 4036ms
npm timing reifyNode:node_modules/is-typedarray Completed in 4029ms
npm timing reifyNode:node_modules/caseless Completed in 4031ms
npm timing reifyNode:node_modules/inherits Completed in 4036ms
npm timing reifyNode:node_modules/supports-color Completed in 4038ms
npm timing reifyNode:node_modules/string-width Completed in 4039ms
npm timing reifyNode:node_modules/yargs-parser/node_modules/camelcase Completed in 4066ms
npm timing reifyNode:node_modules/cacheable-request/node_modules/lowercase-keys Completed in 4064ms
npm timing reifyNode:node_modules/yargs/node_modules/strip-ansi Completed in 4053ms
npm timing reifyNode:node_modules/cliui/node_modules/strip-ansi Completed in 4074ms
npm timing reifyNode:node_modules/table/node_modules/strip-ansi Completed in 4060ms
npm timing reifyNode:node_modules/cliui Completed in 4086ms
npm timing reifyNode:node_modules/yallist Completed in 4091ms
npm timing reifyNode:node_modules/package-json Completed in 4089ms
npm timing reifyNode:node_modules/defer-to-connect Completed in 4097ms
npm timing reifyNode:node_modules/boxen Completed in 4095ms
npm timing reifyNode:node_modules/rimraf Completed in 4095ms
npm timing reifyNode:node_modules/write-file-atomic Completed in 4102ms
npm timing reifyNode:node_modules/mime-types Completed in 4097ms
npm timing reifyNode:node_modules/combined-stream Completed in 4097ms
npm timing reifyNode:node_modules/jsonfile Completed in 4098ms
npm timing reifyNode:node_modules/fs.realpath Completed in 4100ms
npm timing reifyNode:node_modules/ansi-styles Completed in 4101ms
npm timing reifyNode:node_modules/zip-stream Completed in 4101ms
npm timing reifyNode:node_modules/update-notifier Completed in 4103ms
npm timing reifyNode:node_modules/balanced-match Completed in 4107ms
npm timing reifyNode:node_modules/bcrypt-pbkdf Completed in 4121ms
npm timing reifyNode:node_modules/punycode Completed in 4126ms
npm timing reifyNode:node_modules/json-schema Completed in 4124ms
npm timing reifyNode:node_modules/safe-buffer Completed in 4124ms
npm timing reifyNode:node_modules/archiver-utils/node_modules/string_decoder Completed in 4138ms
npm timing reifyNode:node_modules/duplexer2/node_modules/safe-buffer Completed in 4151ms
npm timing reifyNode:node_modules/duplexer2/node_modules/string_decoder Completed in 4152ms
npm timing reifyNode:node_modules/archiver-utils/node_modules/safe-buffer Completed in 4142ms
npm timing reifyNode:node_modules/lazystream/node_modules/string_decoder Completed in 4143ms
npm timing reifyNode:node_modules/unzipper/node_modules/string_decoder Completed in 4146ms
npm timing reifyNode:node_modules/unzipper/node_modules/safe-buffer Completed in 4149ms
npm timing reifyNode:node_modules/lazystream/node_modules/safe-buffer Completed in 4153ms
npm timing reifyNode:node_modules/get-caller-file Completed in 4202ms
npm timing reifyNode:node_modules/is-ci Completed in 4198ms
npm timing reifyNode:node_modules/cli-boxes Completed in 4201ms
npm timing reifyNode:node_modules/base64-js Completed in 4197ms
npm timing reifyNode:node_modules/util-deprecate Completed in 4202ms
npm timing reifyNode:node_modules/archiver-utils Completed in 4203ms
npm timing reifyNode:node_modules/stack-trace Completed in 4235ms
npm timing reifyNode:node_modules/deep-extend Completed in 4235ms
npm timing reifyNode:node_modules/ci-info Completed in 4233ms
npm timing reifyNode:node_modules/getpass Completed in 4228ms
npm timing reifyNode:node_modules/delayed-stream Completed in 4234ms
npm WARN deprecated har-validator@5.1.5: this library is no longer supported
npm timing reifyNode:node_modules/har-validator Completed in 4237ms
npm timing reifyNode:node_modules/duplexer Completed in 4237ms
npm timing reifyNode:node_modules/ps-tree Completed in 4236ms
npm timing reifyNode:node_modules/cacheable-request/node_modules/get-stream Completed in 4257ms
npm timing reifyNode:node_modules/fstream/node_modules/mkdirp Completed in 4255ms
npm timing reifyNode:node_modules/eyes Completed in 4265ms
npm timing reifyNode:node_modules/core-util-is Completed in 4265ms
npm timing reifyNode:node_modules/@sindresorhus/is Completed in 4301ms
npm timing reifyNode:node_modules/yargs-parser Completed in 4309ms
npm timing reifyNode:node_modules/buffers Completed in 4301ms
npm timing reifyNode:node_modules/glob Completed in 4301ms
npm timing reifyNode:node_modules/pump Completed in 4331ms
npm timing reifyNode:node_modules/jsprim Completed in 4327ms
npm timing reifyNode:node_modules/cliui/node_modules/color-name Completed in 4354ms
npm timing reifyNode:node_modules/slice-ansi/node_modules/color-name Completed in 4346ms
npm timing reifyNode:node_modules/require-directory Completed in 4360ms
npm timing reifyNode:node_modules/json-buffer Completed in 4358ms
npm timing reifyNode:node_modules/listenercount Completed in 4354ms
npm timing reifyNode:node_modules/typedarray-to-buffer Completed in 4363ms
npm timing reifyNode:node_modules/registry-auth-token Completed in 4359ms
npm timing metavuln:cache:get:security-advisory:package-json:8HDJCPRRLgI9VicoAWqRM79RThRbVHwFdegolPf21pA2g1H0VpjGNzaf81FlfNZJuCfY+5Awrt7E56dv6e6WFQ== Completed in 331ms
npm timing metavuln:load:security-advisory:package-json:tYQ1W/QUmPXM20cYWRrGedLlgnmwV5mOX7j4TVyE9l2NJvN159q3yhB/VUhz6NNuV96GARzrLoc7aiQLvqQj4g== Completed in 1ms
npm timing metavuln:calculate:security-advisory:package-json:tYQ1W/QUmPXM20cYWRrGedLlgnmwV5mOX7j4TVyE9l2NJvN159q3yhB/VUhz6NNuV96GARzrLoc7aiQLvqQj4g== Completed in 333ms
npm timing metavuln:packument:latest-version Completed in 1ms
npm timing reifyNode:node_modules/crc32-stream Completed in 4390ms
npm timing reifyNode:node_modules/buffer Completed in 4382ms
npm timing reifyNode:node_modules/pause-stream Completed in 4378ms
npm timing reifyNode:node_modules/stream-combiner Completed in 4380ms
npm timing reifyNode:node_modules/is-running Completed in 4379ms
npm timing reifyNode:node_modules/graceful-fs Completed in 4379ms
npm timing reifyNode:node_modules/color-convert Completed in 4380ms
npm timing reifyNode:node_modules/slice-ansi/node_modules/color-convert Completed in 4394ms
npm timing reifyNode:node_modules/cliui/node_modules/color-convert Completed in 4408ms
npm timing reifyNode:node_modules/concat-map Completed in 4398ms
npm timing reifyNode:node_modules/aws4 Completed in 4400ms
npm timing reifyNode:node_modules/safer-buffer Completed in 4405ms
npm timing reifyNode:node_modules/debug Completed in 4399ms
npm timing reifyNode:node_modules/chainsaw Completed in 4417ms
npm timing reifyNode:node_modules/verror Completed in 4414ms
npm timing reifyNode:node_modules/jsbn Completed in 4420ms
npm timing reifyNode:node_modules/dashdash Completed in 4424ms
npm timing reifyNode:node_modules/isarray Completed in 4442ms
npm timing reifyNode:node_modules/chalk Completed in 4419ms
npm timing reifyNode:node_modules/isstream Completed in 4443ms
npm timing reifyNode:node_modules/from Completed in 4445ms
npm timing reifyNode:node_modules/package-json/node_modules/semver Completed in 4463ms
npm timing reifyNode:node_modules/make-dir/node_modules/semver Completed in 4464ms
npm timing reifyNode:node_modules/buffer-indexof-polyfill Completed in 4460ms
npm timing reifyNode:node_modules/semver-diff/node_modules/semver Completed in 4465ms
npm timing reifyNode:node_modules/tar-stream Completed in 4461ms
npm timing reifyNode:node_modules/ecc-jsbn Completed in 4471ms
npm timing reifyNode:node_modules/emoji-regex Completed in 4472ms
npm timing reifyNode:node_modules/map-stream Completed in 4472ms
npm timing reifyNode:node_modules/table/node_modules/emoji-regex Completed in 4472ms
npm timing reifyNode:node_modules/cliui/node_modules/emoji-regex Completed in 4495ms
npm timing reifyNode:node_modules/yargs/node_modules/emoji-regex Completed in 4477ms
npm timing reifyNode:node_modules/mime-db Completed in 4490ms
npm timing reifyNode:node_modules/extsprintf Completed in 4497ms
npm timing metavuln:cache:get:security-advisory:latest-version:z6j0CXbvn+78mmcZc8BHxFHXpgfWOlmaSTc+XRQnpUepIGZ2Np/ef08kOXycvWDyQDamtYoOCLGu27n7O9tJFA== Completed in 131ms
npm timing metavuln:load:security-advisory:latest-version:8HDJCPRRLgI9VicoAWqRM79RThRbVHwFdegolPf21pA2g1H0VpjGNzaf81FlfNZJuCfY+5Awrt7E56dv6e6WFQ== Completed in 0ms
npm timing metavuln:calculate:security-advisory:latest-version:8HDJCPRRLgI9VicoAWqRM79RThRbVHwFdegolPf21pA2g1H0VpjGNzaf81FlfNZJuCfY+5Awrt7E56dv6e6WFQ== Completed in 132ms
npm timing metavuln:packument:update-notifier Completed in 1ms
npm timing reifyNode:node_modules/json-stringify-safe Completed in 4507ms
npm timing reifyNode:node_modules/crc-32 Completed in 4532ms
npm timing reifyNode:node_modules/json-schema-traverse Completed in 4517ms
npm timing reifyNode:node_modules/extend Completed in 4530ms
npm timing reifyNode:node_modules/form-data Completed in 4533ms
npm timing reifyNode:node_modules/big-integer Completed in 4543ms
npm timing reifyNode:node_modules/lazystream Completed in 4556ms
npm timing reifyNode:node_modules/asn1 Completed in 4568ms
npm timing reifyNode:node_modules/bl Completed in 4578ms
npm timing reifyNode:node_modules/tough-cookie Completed in 4576ms
npm timing reifyNode:node_modules/agent-base Completed in 4582ms
npm timing reifyNode:node_modules/fast-deep-equal Completed in 4589ms
npm timing reifyNode:node_modules/through Completed in 4588ms
npm timing reifyNode:node_modules/archiver Completed in 4582ms
npm timing metavuln:cache:get:security-advisory:update-notifier:M7R+C6bLur4TcLU3NeH08DLX/4lTp2WeLtpG2FUF1CkQUgm6fG4TVCQhITn3NdPFADw3NqXpm05bqrhaGM6oBg== Completed in 91ms
npm timing metavuln:load:security-advisory:update-notifier:z6j0CXbvn+78mmcZc8BHxFHXpgfWOlmaSTc+XRQnpUepIGZ2Np/ef08kOXycvWDyQDamtYoOCLGu27n7O9tJFA== Completed in 0ms
npm timing metavuln:calculate:security-advisory:update-notifier:z6j0CXbvn+78mmcZc8BHxFHXpgfWOlmaSTc+XRQnpUepIGZ2Np/ef08kOXycvWDyQDamtYoOCLGu27n7O9tJFA== Completed in 93ms
npm timing reifyNode:node_modules/split Completed in 4600ms
npm timing reifyNode:node_modules/https-proxy-agent Completed in 4602ms
npm timing reifyNode:node_modules/winston/node_modules/async Completed in 4604ms
npm timing reifyNode:node_modules/mkdirp Completed in 4616ms
npm timing reifyNode:node_modules/rc Completed in 4640ms
npm timing reifyNode:node_modules/http-signature Completed in 4637ms
npm timing metavuln:cache:get:security-advisory:browserstack-cypress-cli:oMSbUthI3OtaK4C54kktdEZdrmihGy3aan/AwMHwSraJSP9xjhcC3RR1zTUhHtFBDv4aXko4Kt2baPHzIxVLKA== Completed in 57ms
npm timing metavuln:load:security-advisory:browserstack-cypress-cli:M7R+C6bLur4TcLU3NeH08DLX/4lTp2WeLtpG2FUF1CkQUgm6fG4TVCQhITn3NdPFADw3NqXpm05bqrhaGM6oBg== Completed in 0ms
npm timing metavuln:calculate:security-advisory:browserstack-cypress-cli:M7R+C6bLur4TcLU3NeH08DLX/4lTp2WeLtpG2FUF1CkQUgm6fG4TVCQhITn3NdPFADw3NqXpm05bqrhaGM6oBg== Completed in 58ms
npm timing auditReport:init Completed in 2386ms
npm timing reify:audit Completed in 4702ms
npm timing reifyNode:node_modules/tweetnacl Completed in 4692ms
npm timing reifyNode:node_modules/requestretry Completed in 4699ms
npm timing reifyNode:node_modules/psl Completed in 4716ms
npm timing reifyNode:node_modules/browserstack-local Completed in 4712ms
npm timing reifyNode:node_modules/compress-commons Completed in 4754ms
npm timing reifyNode:node_modules/performance-now Completed in 4804ms
npm timing reifyNode:node_modules/fast-json-stable-stringify Completed in 4848ms
npm WARN deprecated uuid@3.4.0: Please upgrade  to version 7 or higher.  Older versions may use Math.random() in certain circumstances, which is known to be problematic.  See https://v8.dev/blog/math-random for details.
npm timing reifyNode:node_modules/request/node_modules/uuid Completed in 4882ms
npm timing reifyNode:node_modules/getmac Completed in 4897ms
npm timing reifyNode:node_modules/asynckit Completed in 4909ms
npm timing reifyNode:node_modules/got Completed in 4923ms
npm timing reifyNode:node_modules/unzipper Completed in 4921ms
npm timing reifyNode:node_modules/cli-progress Completed in 4924ms
npm WARN deprecated request@2.88.2: request has been deprecated, see https://github.com/request/request/issues/3142
npm timing reifyNode:node_modules/request Completed in 4926ms
npm timing reifyNode:node_modules/event-stream Completed in 4941ms
npm timing reifyNode:node_modules/minimist Completed in 4961ms
npm timing reifyNode:node_modules/har-schema Completed in 4955ms
npm timing reifyNode:node_modules/qs Completed in 4962ms
npm timing reifyNode:node_modules/traverse Completed in 4977ms
npm timing reifyNode:node_modules/fstream Completed in 4993ms
npm timing reifyNode:node_modules/colors Completed in 5022ms
npm timing reifyNode:node_modules/lazystream/node_modules/readable-stream Completed in 5011ms
npm timing reifyNode:node_modules/archiver-utils/node_modules/readable-stream Completed in 5014ms
npm timing reifyNode:node_modules/duplexer2/node_modules/readable-stream Completed in 5025ms
npm timing reifyNode:node_modules/unzipper/node_modules/readable-stream Completed in 5016ms
npm timing reifyNode:node_modules/readable-stream Completed in 5024ms
npm timing reifyNode:node_modules/winston Completed in 5122ms
npm timing reifyNode:node_modules/sshpk Completed in 5179ms
npm timing reifyNode:node_modules/binary Completed in 5191ms
npm timing reifyNode:node_modules/fs-extra Completed in 5191ms
npm timing reifyNode:node_modules/type-fest Completed in 5224ms
npm timing reifyNode:node_modules/browserstack-cypress-cli Completed in 5209ms
npm timing reifyNode:node_modules/yargs Completed in 5216ms
npm timing reifyNode:node_modules/semver Completed in 5278ms
npm timing reifyNode:node_modules/bluebird Completed in 5293ms
npm timing reifyNode:node_modules/uri-js Completed in 5290ms
npm timing reifyNode:node_modules/uuid Completed in 5350ms
npm timing reifyNode:node_modules/when Completed in 5403ms
npm timing reifyNode:node_modules/table Completed in 5405ms
npm timing reifyNode:node_modules/@types/node Completed in 5414ms
npm timing reifyNode:node_modules/ajv Completed in 5492ms
npm timing reifyNode:node_modules/async Completed in 5581ms
npm timing reifyNode:node_modules/lodash Completed in 7470ms
npm timing reifyNode:node_modules/faker Completed in 13218ms
npm timing reify:unpack Completed in 13247ms
npm timing reify:unretire Completed in 2ms
npm timing build:queue Completed in 36ms
npm timing build:link:node_modules/browserstack-cypress-cli Completed in 103ms
npm timing build:link:node_modules/make-dir/node_modules/semver Completed in 93ms
npm timing build:link:node_modules/package-json/node_modules/semver Completed in 94ms
npm timing build:link:node_modules/fstream/node_modules/mkdirp Completed in 96ms
npm timing build:link:node_modules/semver-diff/node_modules/semver Completed in 93ms
npm timing build:link:node_modules/is-ci Completed in 103ms
npm timing build:link:node_modules/mkdirp Completed in 102ms
npm timing build:link:node_modules/ps-tree Completed in 102ms
npm timing build:link:node_modules/rc Completed in 101ms
npm timing build:link:node_modules/rimraf Completed in 102ms
npm timing build:link:node_modules/semver Completed in 101ms
npm timing build:link:node_modules/sshpk Completed in 101ms
npm timing build:link:node_modules/uuid Completed in 100ms
npm timing build:link:node_modules/crc-32 Completed in 107ms
npm timing build:link:node_modules/request/node_modules/uuid Completed in 99ms
npm timing build:link Completed in 110ms
npm timing build:deps Completed in 148ms
npm timing build Completed in 150ms
npm timing reify:build Completed in 154ms
npm timing reify:trash Completed in 0ms
npm timing reify:save Completed in 316ms
npm timing reify Completed in 19183ms

added 272 packages, and audited 273 packages in 20s

21 packages are looking for funding
  run `npm fund` for details

6 vulnerabilities (4 moderate, 2 high)

To address all issues (including breaking changes), run:
  npm audit fix --force

Run `npm audit` for details.
npm timing command:install Completed in 19255ms
npm verb exit 0
npm timing npm Completed in 19697ms
npm info ok 
